This is XeTeX, Version 3.141592653-2.6-0.999994 (TeX Live 2022) (preloaded format=xelatex 2022.7.28)  29 JUL 2022 19:54
entering extended mode
 restricted \write18 enabled.
 %&-line parsing enabled.
**Cierre_Diplomado.tex
(./Cierre_Diplomado.tex
LaTeX2e <2022-06-01> patch level 5
L3 programming layer <2022-07-15>

! LaTeX Error: File `beamer.cls' not found.

Type X to quit or <RETURN> to proceed,
or enter new name. (Default extension: cls)

Enter file name: 
! Emergency stop.
<read *> 
         
l.8 \title
          {CIERRE DIPLOMADO - ENTREGA DE CERTIFICADOS}^^M 
Here is how much of TeX's memory you used:
 28 strings out of 477864
 522 string characters out of 5845639
 299339 words of memory out of 5000000
 21061 multiletter control sequences out of 15000+600000
 469259 words of font info for 28 fonts, out of 8000000 for 9000
 14 hyphenation exceptions out of 8191
 19i,0n,29p,105b,17s stack positions out of 10000i,1000n,20000p,200000b,200000s

No pages of output.
